<?xml version="1.0" encoding="UTF-8"?>
<!-- Generated by org.testng.reporters.JUnitReportReporter -->
<testsuite skipped="0" hostname="DESKTOP-5VKP832" name="com.empDashbord.EmpDatshbordTesting" tests="1" failures="0" timestamp="2021-03-16T22:14:54 EDT" time="2.403" errors="0">
  <testcase name="validatePostRequest" time="2.403" classname="com.empDashbord.EmpDatshbordTesting"/>
</testsuite> <!-- com.empDashbord.EmpDatshbordTesting -->
